<?xml version="1.0" encoding="UTF-8"?>
<testng-results ignored="0" total="0" passed="0" failed="0" skipped="0">
  <reporter-output>
  </reporter-output>
  <suite started-at="2022-08-08T11:32:05 IST" name="Surefire suite" finished-at="2022-08-08T11:32:07 IST" duration-ms="1806">
    <groups>
    </groups>
    <test started-at="2022-08-08T11:32:05 IST" name="Surefire test" finished-at="2022-08-08T11:32:07 IST" duration-ms="1806">
      <class name="org.example.testCases.BaseTest">
        <test-method is-config="true" signature="setup()[pri:0, instance:org.example.testCases.BaseTest@2b6856dd]" started-at="2022-08-08T11:32:05 IST" name="setup" finished-at="2022-08-08T11:32:06 IST" duration-ms="1663" status="PASS">
          <reporter-output>
          </reporter-output>
        </test-method> <!-- setup -->
        <test-method is-config="true" signature="tearDown()[pri:0, instance:org.example.testCases.BaseTest@2b6856dd]" started-at="2022-08-08T11:32:06 IST" name="tearDown" finished-at="2022-08-08T11:32:07 IST" duration-ms="132" status="PASS">
          <reporter-output>
          </reporter-output>
        </test-method> <!-- tearDown -->
      </class> <!-- org.example.testCases.BaseTest -->
    </test> <!-- Surefire test -->
  </suite> <!-- Surefire suite -->
</testng-results>
